{"uid":"1258950951c92842","name":"test_ssh_with_correct_key_succeeds","fullName":"tests.step_defs.security.test_access_control#test_ssh_with_correct_key_succeeds","historyId":"e0ffd76a1e1f5339f5c2e1216272d6c9","time":{"start":1771027209679,"stop":1771027209679,"duration":0},"description":"/home/runner/work/defining-acceptance/defining-acceptance/features/security/access_control.feature: SSH with correct key succeeds","descriptionHtml":"<p>/home/runner/work/defining-acceptance/defining-acceptance/features/security/access_control.feature: SSH with correct key succeeds</p>\n","status":"broken","statusMessage":"Exception: Simulated failure","statusTrace":"/opt/hostedtoolcache/Python/3.12.12/x64/lib/python3.12/site-packages/pluggy/_hooks.py:512: in __call__\n    return self._hookexec(self.name, self._hookimpls.copy(), kwargs, firstresult)\n           ^^^^^^^^^^^^^^^^^^^^^^^^^^^^^^^^^^^^^^^^^^^^^^^^^^^^^^^^^^^^^^^^^^^^^^\n/opt/hostedtoolcache/Python/3.12.12/x64/lib/python3.12/site-packages/pluggy/_manager.py:120: in _hookexec\n    return self._inner_hookexec(hook_name, methods, kwargs, firstresult)\n           ^^^^^^^^^^^^^^^^^^^^^^^^^^^^^^^^^^^^^^^^^^^^^^^^^^^^^^^^^^^^^\ntests/conftest.py:61: in pytest_bdd_before_scenario\n    raise Exception(\"Simulated failure\")\nE   Exception: Simulated failure","flaky":false,"newFailed":false,"newBroken":true,"newPassed":false,"retriesCount":5,"retriesStatusChange":false,"beforeStages":[{"name":"_pytest_bdd_example","time":{"start":1771027209678,"stop":1771027209679,"duration":1},"status":"passed","steps":[],"attachments":[],"parameters":[],"stepsCount":0,"shouldDisplayMessage":false,"attachmentsCount":0,"hasContent":false,"attachmentStep":false}],"afterStages":[],"labels":[{"name":"host","value":"newton"},{"name":"environment","value":"newton"},{"name":"parentSuite","value":"Security"},{"name":"severity","value":"critical"},{"name":"tag","value":"security"},{"name":"suite","value":"test_access_control"},{"name":"host","value":"runnervmjduv7"},{"name":"thread","value":"2357-MainThread"},{"name":"framework","value":"pytest"},{"name":"language","value":"cpython3"},{"name":"package","value":"tests.step_defs.security.test_access_control"},{"name":"resultFormat","value":"allure2"}],"parameters":[],"links":[],"hidden":false,"retry":false,"extra":{"severity":"critical","retries":[{"uid":"63f4a0ace4ad9c2e","status":"broken","statusDetails":"Exception: Simulated failure","time":{"start":1771027209112,"stop":1771027209112,"duration":0}},{"uid":"7ee580e31ee59dc6","status":"broken","statusDetails":"Exception: Simulated failure","time":{"start":1771027206383,"stop":1771027206383,"duration":0}},{"uid":"251d8a2d8f68d3c5","status":"broken","statusDetails":"Exception: Simulated failure","time":{"start":1771027205603,"stop":1771027205603,"duration":0}},{"uid":"26296f266f972179","status":"broken","statusDetails":"Exception: Simulated failure","time":{"start":1771027205328,"stop":1771027205328,"duration":0}},{"uid":"7836da4e1e5c0e06","status":"broken","statusDetails":"Exception: Simulated failure","time":{"start":1771027203344,"stop":1771027203344,"duration":0}}],"categories":[{"name":"Test defects","matchedStatuses":[],"flaky":false}],"history":{"statistic":{"failed":0,"broken":1,"skipped":0,"passed":3,"unknown":0,"total":4},"items":[{"uid":"93e0a74838436f2a","reportUrl":"https://gboutry.github.io/defining-acceptance/4/#testresult/93e0a74838436f2a","status":"passed","time":{"start":1771027122128,"stop":1771027122129,"duration":1}},{"uid":"412640c34690c429","reportUrl":"https://gboutry.github.io/defining-acceptance/3/#testresult/412640c34690c429","status":"passed","time":{"start":1771027023277,"stop":1771027023278,"duration":1}},{"uid":"60734937e9b62026","reportUrl":"https://gboutry.github.io/defining-acceptance/2/#testresult/60734937e9b62026","status":"passed","time":{"start":1771026885784,"stop":1771026885785,"duration":1}}]},"tags":["security"]},"source":"1258950951c92842.json","parameterValues":[]}