{"uid":"1b4f3026eb524f13","name":"test_ssh_without_key_fails","fullName":"tests.step_defs.security.test_access_control#test_ssh_without_key_fails","historyId":"629c9544ca8046c8fa9537ddad01bfa4","time":{"start":1771027209725,"stop":1771027209725,"duration":0},"description":"/home/runner/work/defining-acceptance/defining-acceptance/features/security/access_control.feature: SSH without key fails","descriptionHtml":"<p>/home/runner/work/defining-acceptance/defining-acceptance/features/security/access_control.feature: SSH without key fails</p>\n","status":"broken","statusMessage":"Exception: Simulated failure","statusTrace":"/opt/hostedtoolcache/Python/3.12.12/x64/lib/python3.12/site-packages/pluggy/_hooks.py:512: in __call__\n    return self._hookexec(self.name, self._hookimpls.copy(), kwargs, firstresult)\n           ^^^^^^^^^^^^^^^^^^^^^^^^^^^^^^^^^^^^^^^^^^^^^^^^^^^^^^^^^^^^^^^^^^^^^^\n/opt/hostedtoolcache/Python/3.12.12/x64/lib/python3.12/site-packages/pluggy/_manager.py:120: in _hookexec\n    return self._inner_hookexec(hook_name, methods, kwargs, firstresult)\n           ^^^^^^^^^^^^^^^^^^^^^^^^^^^^^^^^^^^^^^^^^^^^^^^^^^^^^^^^^^^^^\ntests/conftest.py:61: in pytest_bdd_before_scenario\n    raise Exception(\"Simulated failure\")\nE   Exception: Simulated failure","flaky":false,"newFailed":false,"newBroken":true,"newPassed":false,"retriesCount":5,"retriesStatusChange":false,"beforeStages":[{"name":"_pytest_bdd_example","time":{"start":1771027209725,"stop":1771027209725,"duration":0},"status":"passed","steps":[],"attachments":[],"parameters":[],"stepsCount":0,"shouldDisplayMessage":false,"attachmentsCount":0,"hasContent":false,"attachmentStep":false}],"afterStages":[],"labels":[{"name":"host","value":"newton"},{"name":"environment","value":"newton"},{"name":"parentSuite","value":"Security"},{"name":"severity","value":"critical"},{"name":"tag","value":"security"},{"name":"suite","value":"test_access_control"},{"name":"host","value":"runnervmjduv7"},{"name":"thread","value":"2357-MainThread"},{"name":"framework","value":"pytest"},{"name":"language","value":"cpython3"},{"name":"package","value":"tests.step_defs.security.test_access_control"},{"name":"resultFormat","value":"allure2"}],"parameters":[],"links":[],"hidden":false,"retry":false,"extra":{"severity":"critical","retries":[{"uid":"3c218917cdf06a8","status":"broken","statusDetails":"Exception: Simulated failure","time":{"start":1771027209152,"stop":1771027209153,"duration":1}},{"uid":"5579c69e6358bdd3","status":"broken","statusDetails":"Exception: Simulated failure","time":{"start":1771027206423,"stop":1771027206423,"duration":0}},{"uid":"b339f0ffa9f3e1c","status":"broken","statusDetails":"Exception: Simulated failure","time":{"start":1771027205644,"stop":1771027205644,"duration":0}},{"uid":"da90a1608168a47a","status":"broken","statusDetails":"Exception: Simulated failure","time":{"start":1771027205369,"stop":1771027205369,"duration":0}},{"uid":"d42f9316d08bf5b9","status":"broken","statusDetails":"Exception: Simulated failure","time":{"start":1771027203386,"stop":1771027203386,"duration":0}}],"categories":[{"name":"Test defects","matchedStatuses":[],"flaky":false}],"history":{"statistic":{"failed":0,"broken":1,"skipped":0,"passed":3,"unknown":0,"total":4},"items":[{"uid":"edae188e1bc83e3b","reportUrl":"https://gboutry.github.io/defining-acceptance/4/#testresult/edae188e1bc83e3b","status":"passed","time":{"start":1771027122131,"stop":1771027122132,"duration":1}},{"uid":"7a4e2a1c93281852","reportUrl":"https://gboutry.github.io/defining-acceptance/3/#testresult/7a4e2a1c93281852","status":"passed","time":{"start":1771027023280,"stop":1771027023281,"duration":1}},{"uid":"998cebf29a2fd686","reportUrl":"https://gboutry.github.io/defining-acceptance/2/#testresult/998cebf29a2fd686","status":"passed","time":{"start":1771026885787,"stop":1771026885789,"duration":2}}]},"tags":["security"]},"source":"1b4f3026eb524f13.json","parameterValues":[]}